<?xml version="1.0" encoding="UTF-8"?>
<testsuite xmlns:xsi="http://www.w3.org/2001/XMLSchema-instance" xsi:noNamespaceSchemaLocation="https://maven.apache.org/surefire/maven-surefire-plugin/xsd/surefire-test-report.xsd" name="TestApp" time="0.974" tests="10" errors="0" skipped="0" failures="0">
  <properties>
[...]
</properties>
  <testcase name="testAdvance" classname="TestApp" time="0.077"/>
  <testcase name="testCloseCenterFail" classname="TestApp" time="0.015"/>
  <testcase name="testCloseCenterOK" classname="TestApp" time="0.01"/>
  <testcase name="testCompleteVaccination" classname="TestApp" time="0.007"/>
  <testcase name="testCoverage" classname="TestApp" time="0.015"/>
  <testcase name="testDarAltaFail" classname="TestApp" time="0.013"/>
  <testcase name="testDarAltaOK" classname="TestApp" time="0.005"/>
  <testcase name="testNumberCenter" classname="TestApp" time="0.023"/>
  <testcase name="testPartialVaccination" classname="TestApp" time="0.011"/>
  <testcase name="testTime" classname="TestApp" time="0"/>
</testsuite>