<?xml version="1.0" encoding="UTF-8"?>
<!-- Generated by org.testng.reporters.JUnitXMLReporter -->
<testsuite ignored="0" hostname="DESKTOP-R5IG3BH" failures="0" tests="10" name="Surefire test" time="0.184" errors="0" timestamp="2021-07-26T21:07:27 PET">
  <testcase classname="TestApp" name="testAdvance" time="0.076"/>
  <testcase classname="TestApp" name="testCloseCenterFail" time="0.003"/>
  <testcase classname="TestApp" name="testCloseCenterOK" time="0.002"/>
  <testcase classname="TestApp" name="testCompleteVaccination" time="0.004"/>
  <testcase classname="TestApp" name="testCoverage" time="0.003"/>
  <testcase classname="TestApp" name="testDarAltaFail" time="0.002"/>
  <testcase classname="TestApp" name="testDarAltaOK" time="0.002"/>
  <testcase classname="TestApp" name="testNumberCenter" time="0.007"/>
  <testcase classname="TestApp" name="testPartialVaccination" time="0.001"/>
  <testcase classname="TestApp" name="testTime" time="0.0"/>
</testsuite> <!-- Surefire test -->
